0 info it worked if it ends with ok
1 verbose cli [ 'node', '/usr/local/bin/npm', 'publish' ]
2 info using npm@1.1.65
3 info using node@v0.8.14
4 verbose publish [ '.' ]
5 verbose read json /Users/rikurouvila/Documents/Koodi/james-server/package.json
6 verbose cache add [ '.', null ]
7 silly cache add name=undefined spec="." args=[".",null]
8 verbose parsed url { pathname: '.', path: '.', href: '.' }
9 silly lockFile 3a52ce78- .
10 verbose lock . /Users/rikurouvila/.npm/3a52ce78-.lock
11 verbose read json package.json
12 verbose tar pack [ '/var/folders/p_/kdw99qpj0_d1bygv1prwbmx40000gn/T/npm-19803/1363358075053-0.39602307020686567/tmp.tgz',
12 verbose tar pack   '.' ]
13 verbose tarball /var/folders/p_/kdw99qpj0_d1bygv1prwbmx40000gn/T/npm-19803/1363358075053-0.39602307020686567/tmp.tgz
14 verbose folder .
15 info prepublish james-server@0.0.1
16 silly lockFile 24b51e9b-5053-0-39602307020686567-tmp-tgz /var/folders/p_/kdw99qpj0_d1bygv1prwbmx40000gn/T/npm-19803/1363358075053-0.39602307020686567/tmp.tgz
17 verbose lock /var/folders/p_/kdw99qpj0_d1bygv1prwbmx40000gn/T/npm-19803/1363358075053-0.39602307020686567/tmp.tgz /Users/rikurouvila/.npm/24b51e9b-5053-0-39602307020686567-tmp-tgz.lock
18 silly lockFile 24b51e9b-5053-0-39602307020686567-tmp-tgz /var/folders/p_/kdw99qpj0_d1bygv1prwbmx40000gn/T/npm-19803/1363358075053-0.39602307020686567/tmp.tgz
19 verbose tar unpack /var/folders/p_/kdw99qpj0_d1bygv1prwbmx40000gn/T/npm-19803/1363358075053-0.39602307020686567/tmp.tgz
20 silly lockFile df929a13-5053-0-39602307020686567-package /var/folders/p_/kdw99qpj0_d1bygv1prwbmx40000gn/T/npm-19803/1363358075053-0.39602307020686567/package
21 verbose lock /var/folders/p_/kdw99qpj0_d1bygv1prwbmx40000gn/T/npm-19803/1363358075053-0.39602307020686567/package /Users/rikurouvila/.npm/df929a13-5053-0-39602307020686567-package.lock
22 silly gunzTarPerm modes [ '755', '644' ]
23 silly gunzTarPerm extractEntry package.json
24 silly gunzTarPerm extractEntry README.md
25 silly gunzTarPerm extractEntry index.js
26 silly gunzTarPerm extractEntry src/.npmignore
27 silly gunzTarPerm extractEntry src/index.coffee
28 verbose read json /var/folders/p_/kdw99qpj0_d1bygv1prwbmx40000gn/T/npm-19803/1363358075053-0.39602307020686567/package/package.json
29 silly lockFile df929a13-5053-0-39602307020686567-package /var/folders/p_/kdw99qpj0_d1bygv1prwbmx40000gn/T/npm-19803/1363358075053-0.39602307020686567/package
30 verbose from cache /var/folders/p_/kdw99qpj0_d1bygv1prwbmx40000gn/T/npm-19803/1363358075053-0.39602307020686567/package/package.json
31 verbose tar pack [ '/Users/rikurouvila/.npm/james-server/0.0.1/package.tgz',
31 verbose tar pack   '/var/folders/p_/kdw99qpj0_d1bygv1prwbmx40000gn/T/npm-19803/1363358075053-0.39602307020686567/package' ]
32 verbose tarball /Users/rikurouvila/.npm/james-server/0.0.1/package.tgz
33 verbose folder /var/folders/p_/kdw99qpj0_d1bygv1prwbmx40000gn/T/npm-19803/1363358075053-0.39602307020686567/package
34 silly lockFile c5a64261-m-james-server-0-0-1-package-tgz /Users/rikurouvila/.npm/james-server/0.0.1/package.tgz
35 verbose lock /Users/rikurouvila/.npm/james-server/0.0.1/package.tgz /Users/rikurouvila/.npm/c5a64261-m-james-server-0-0-1-package-tgz.lock
36 silly lockFile c5a64261-m-james-server-0-0-1-package-tgz /Users/rikurouvila/.npm/james-server/0.0.1/package.tgz
37 silly lockFile 8a97549e-a-npm-james-server-0-0-1-package /Users/rikurouvila/.npm/james-server/0.0.1/package
38 verbose lock /Users/rikurouvila/.npm/james-server/0.0.1/package /Users/rikurouvila/.npm/8a97549e-a-npm-james-server-0-0-1-package.lock
39 silly lockFile 8a97549e-a-npm-james-server-0-0-1-package /Users/rikurouvila/.npm/james-server/0.0.1/package
40 verbose tar unpack /Users/rikurouvila/.npm/james-server/0.0.1/package.tgz
41 silly lockFile 8a97549e-a-npm-james-server-0-0-1-package /Users/rikurouvila/.npm/james-server/0.0.1/package
42 verbose lock /Users/rikurouvila/.npm/james-server/0.0.1/package /Users/rikurouvila/.npm/8a97549e-a-npm-james-server-0-0-1-package.lock
43 silly gunzTarPerm modes [ '755', '644' ]
44 silly gunzTarPerm extractEntry package.json
45 silly gunzTarPerm extractEntry README.md
46 silly gunzTarPerm extractEntry index.js
47 silly gunzTarPerm extractEntry src/.npmignore
48 silly gunzTarPerm extractEntry src/index.coffee
49 verbose read json /Users/rikurouvila/.npm/james-server/0.0.1/package/package.json
50 silly lockFile 8a97549e-a-npm-james-server-0-0-1-package /Users/rikurouvila/.npm/james-server/0.0.1/package
51 silly shasum updated bytes 781
52 info shasum d2332bc72bc635e7cab385eb264350ad0b694f7f
52 info shasum /Users/rikurouvila/.npm/james-server/0.0.1/package.tgz
53 verbose from cache /Users/rikurouvila/.npm/james-server/0.0.1/package/package.json
54 verbose chmod /Users/rikurouvila/.npm/james-server/0.0.1/package.tgz 644
55 verbose chown /Users/rikurouvila/.npm/james-server/0.0.1/package.tgz [ 501, 20 ]
56 silly lockFile 3a52ce78- .
57 silly publish { name: 'james-server',
57 silly publish   version: '0.0.1',
57 silly publish   engines: { node: '>=0.8.0' },
57 silly publish   dependencies: { connect: '~2.7.3' },
57 silly publish   readme: '# Synopsis\n\nStatic HTTP server for [James.js](https://github.com/leonidas/james.js).\n\n```javascript\nvar james = require(\'james\'),\n    server = require(\'james-server\');\n\njames.task(\'server\', function() {\n  server({\n    port: 6001,\n    path: \'public\'\n  });\n});\n\njames.task(\'default\', [\'server\']);\n\n```',
57 silly publish   readmeFilename: 'README.md',
57 silly publish   _id: 'james-server@0.0.1',
57 silly publish   description: 'Static HTTP server for [James.js](https://github.com/leonidas/james.js).',
57 silly publish   dist: { shasum: 'd2332bc72bc635e7cab385eb264350ad0b694f7f' } }
58 verbose url raw james-server
59 verbose url resolving [ 'https://registry.npmjs.org/', './james-server' ]
60 verbose url resolved https://registry.npmjs.org/james-server
61 info trying registry request attempt 1 at 16:34:35
62 http PUT https://registry.npmjs.org/james-server
63 http 409 https://registry.npmjs.org/james-server
64 verbose url raw james-server
65 verbose url resolving [ 'https://registry.npmjs.org/', './james-server' ]
66 verbose url resolved https://registry.npmjs.org/james-server
67 info trying registry request attempt 1 at 16:34:39
68 http GET https://registry.npmjs.org/james-server
69 http 200 https://registry.npmjs.org/james-server
70 error publish fail Cannot publish over existing version.
70 error publish fail Bump the 'version' field, set the --force flag, or
70 error publish fail     npm unpublish 'james-server@0.0.1'
70 error publish fail and try again
71 error System Darwin 12.0.0
72 error command "node" "/usr/local/bin/npm" "publish"
73 error cwd /Users/rikurouvila/Documents/Koodi/james-server
74 error node -v v0.8.14
75 error npm -v 1.1.65
76 error code EPUBLISHCONFLICT
77 verbose exit [ 1, true ]
